library paths:
... C:/Users/jxie/temp_wk/DesktopDeployR/Caprion/app/library
... C:/Users/jxie/temp_wk/DesktopDeployR/Caprion/dist/R-Portable/App/R-Portable/library
working path:
... C:/Users/jxie/temp_wk/DesktopDeployR/Caprion
Warning message:
package 'jsonlite' was built under R version 3.5.3 
ensuring packages: jsonlite, shiny, readxl, tidyverse, kableExtra, webshot, pagedown, htmltools

Attaching package: 'shiny'

The following object is masked from 'package:jsonlite':

    validate

-- Attaching packages --------------------------------------- tidyverse 1.3.0 --
v ggplot2 3.3.0     v purrr   0.3.3
v tibble  3.0.0     v dplyr   0.8.5
v tidyr   1.0.2     v stringr 1.4.0
v readr   1.3.1     v forcats 0.5.0
-- Conflicts ------------------------------------------ tidyverse_conflicts() --
x dplyr::filter()   masks stats::filter()
x purrr::flatten()  masks jsonlite::flatten()
x dplyr::lag()      masks stats::lag()
x shiny::validate() masks jsonlite::validate()

Attaching package: 'kableExtra'

The following object is masked from 'package:dplyr':

    group_rows


Listening on http://127.0.0.1:7403
There were 14 warnings (use warnings() to see them)
application terminated normally
